<?xml version="1.0" encoding="UTF-8"?>
<testng-results ignored="0" total="1" passed="1" failed="0" skipped="0">
  <reporter-output>
  </reporter-output>
  <suite started-at="2022-08-25T11:40:04 COT" name="Command line suite" finished-at="2022-08-25T11:41:08 COT" duration-ms="63547">
    <groups>
    </groups>
    <test started-at="2022-08-25T11:40:04 COT" name="Command line test" finished-at="2022-08-25T11:41:08 COT" duration-ms="63547">
      <class name="FlightTest">
        <test-method is-config="true" signature="setUp()[pri:0, instance:FlightTest@4b168fa9]" started-at="2022-08-25T11:40:04 COT" name="setUp" finished-at="2022-08-25T11:40:11 COT" duration-ms="6397" status="PASS">
          <reporter-output>
          </reporter-output>
        </test-method> <!-- setUp -->
        <test-method signature="testFlights()[pri:0, instance:FlightTest@4b168fa9]" started-at="2022-08-25T11:40:11 COT" name="testFlights" finished-at="2022-08-25T11:41:08 COT" duration-ms="57129" status="PASS">
          <reporter-output>
          </reporter-output>
        </test-method> <!-- testFlights -->
      </class> <!-- FlightTest -->
    </test> <!-- Command line test -->
  </suite> <!-- Command line suite -->
</testng-results>
